
##############################################################################
#                                                                            #
# Starting HADDOCK                                                           #
#                                                                            #
#         N-components version of HADDOCK (current maximum is 6)             #
#                                                                            #
#   Copyright 2003-2020 Alexandre Bonvin, Utrecht University.                #
#   Originally adapted from Aria 1.2 from Nilges and Linge, EMBL.            #
#   All rights reserved.                                                     #
#   This code is part of the HADDOCK software and governed by its            #
#   license. Please see the LICENSE file that should have been included      #
#   as part of this package.                                                 #
#                                                                            #
##############################################################################
    
Starting HADDOCK on: 2021-07-11 01:41:17
 
HADDOCK version:   2.2
Python version: 2.7.14 (default, Feb 15 2018, 17:35:50) 
[GCC 4.8.1]
parsing run.cns file
parsing new.html in /home/enmr/services-enmr/HADDOCK2.2/server/run/userrun002307/run1/data
reading parameters from the file /home/enmr/services-enmr/HADDOCK2.2/server/run/userrun002307/run1/data/new.html
  setting some variables:
  submit_save set to: Save updated parameters
  N_COMP set to: 2
  UNAMBIG_TBL set to: unambig.tbl
  HADDOCK_DIR set to: /home/enmr/software/haddock2.2-grid
  RUN_NUMBER set to: 1
  PROT_SEGID_2 set to: B
  PROT_SEGID_1 set to: A
  PDB_FILE1 set to: protein1.pdb
  AMBIG_TBL set to: ambig.tbl
  PROJECT_DIR set to: /home/enmr/services-enmr/HADDOCK2.2/server/run/userrun002307
  PDB_FILE2 set to: protein2.pdb
submit_save Save updated parameters
N_COMP 2
UNAMBIG_TBL unambig.tbl
HADDOCK_DIR /home/enmr/software/haddock2.2-grid
RUN_NUMBER 1
PROT_SEGID_2 B
PROT_SEGID_1 A
PDB_FILE1 protein1.pdb
AMBIG_TBL ambig.tbl
PROJECT_DIR /home/enmr/services-enmr/HADDOCK2.2/server/run/userrun002307
PDB_FILE2 protein2.pdb
looking for existing files
waterdock false
generating PSF and PDB file of protein A with the command:
      queue command:
      /home/enmr/software/bin/ssub haddock complex_run1_generate_A.job
generating PSF and PDB file of protein B with the command:
      queue command:
      /home/enmr/software/bin/ssub haddock complex_run1_generate_B.job
  waiting for the psf files...
21417319.rackham.cm.cluster

21417318.rackham.cm.cluster

merging topologies and coordinates files with the command:
      queue command:
        waiting for the merged files...
/home/enmr/software/bin/ssub haddock complex_run1_generate_complex.job
21417320.rackham.cm.cluster

looking for iteration 0
working on iteration 0
starting DOCKING protocol 
    calculating structure 1
    calculating structure 2
    calculating structure 3
    calculating structure 4
    calculating structure 5
    calculating structure 6
    calculating structure 7
    calculating structure 8
    calculating structure 9
    calculating structure 10
    calculating structure 11
    calculating structure 12
    calculating structure 13
    calculating structure 14
    calculating structure 15
    calculating structure 16
    calculating structure 17
    calculating structure 18
    calculating structure 19
    calculating structure 20
      queue command:
      /home/diracegi/grid/diracsubmit-haddock2.4-cns packages/package_it0_1.tar.gz
 
------------------------------------------------------------
Structure    1: running
Structure    2: running
Structure    3: running
Structure    4: running
Structure    5: running
Structure    6: running
Structure    7: running
Structure    8: running
Structure    9: running
Structure   10: running
Structure   11: running
Structure   12: running
Structure   13: running
Structure   14: running
Structure   15: running
Structure   16: running
Structure   17: running
Structure   18: running
Structure   19: running
Structure   20: running
------------------------------------------------------------

------------------------------------------------------------
------------------------------------------------------------

    creating file.list in /home/enmr/services-enmr/HADDOCK2.2/server/run/userrun002307/run1/structures/it0
    creating file.nam in /home/enmr/services-enmr/HADDOCK2.2/server/run/userrun002307/run1/structures/it0
    creating file.cns in /home/enmr/services-enmr/HADDOCK2.2/server/run/userrun002307/run1/structures/it0
looking for iteration 1
working on iteration 1
starting DOCKING protocol 
    calculating structure 1
    calculating structure 2
    calculating structure 3
    calculating structure 4
    calculating structure 5
      queue command:
      /home/diracegi/grid/diracsubmit-haddock2.4-cns packages/package_it1_1.tar.gz
    calculating structure 6
    calculating structure 7
    calculating structure 8
    calculating structure 9
    calculating structure 10
 
      queue command:
      /home/diracegi/grid/diracsubmit-haddock2.4-cns packages/package_it1_2.tar.gz
    calculating structure 11
    calculating structure 12
    calculating structure 13
    calculating structure 14
    calculating structure 15
 
      queue command:
      /home/diracegi/grid/diracsubmit-haddock2.4-cns packages/package_it1_3.tar.gz
    calculating structure 16
    calculating structure 17
    calculating structure 18
    calculating structure 19
    calculating structure 20
 
      queue command:
      /home/diracegi/grid/diracsubmit-haddock2.4-cns packages/package_it1_4.tar.gz
 
------------------------------------------------------------
Structure    1: running
Structure    2: running
Structure    3: running
Structure    4: running
Structure    5: running
Structure    6: running
Structure    7: running
Structure    8: running
Structure    9: running
Structure   10: running
Structure   11: running
Structure   12: running
Structure   13: running
Structure   14: running
Structure   15: running
Structure   16: running
Structure   17: running
Structure   18: running
Structure   19: running
Structure   20: running
------------------------------------------------------------

------------------------------------------------------------
Structure    1: running
Structure    2: running
Structure    3: running
Structure    4: running
Structure    5: running
Structure    6: running
Structure    7: running
Structure    8: running
Structure    9: running
Structure   10: running
Structure   11: running
Structure   12: running
Structure   13: running
Structure   14: running
Structure   15: running
------------------------------------------------------------

------------------------------------------------------------
------------------------------------------------------------

    creating file.list in /home/enmr/services-enmr/HADDOCK2.2/server/run/userrun002307/run1/structures/it1
    creating file.nam in /home/enmr/services-enmr/HADDOCK2.2/server/run/userrun002307/run1/structures/it1
    creating file.cns in /home/enmr/services-enmr/HADDOCK2.2/server/run/userrun002307/run1/structures/it1
starting analysis scripts for /home/enmr/services-enmr/HADDOCK2.2/server/run/userrun002307/run1/structures/it1
  calculating average structure and similarity matrices
      queue command:
      /home/enmr/software/bin/ssub haddock complex_run1_get_average.job
  waiting for the average structure...
21417337.rackham.cm.cluster

      queue command:
      /home/enmr/software/bin/ssub haddock complex_run1_fcc_matrix.job
  running analysis scripts:
21417338.rackham.cm.cluster

    analyzing NOEs
      queue command:
      /home/enmr/software/bin/ssub haddock complex_run1_print_noes.job
21417339.rackham.cm.cluster

    calculating residue-based intermolecular energies
      queue command:
      /home/enmr/software/bin/ssub haddock complex_run1_ene-residue.job
21417340.rackham.cm.cluster

    calculating energies
      queue command:
      /home/enmr/software/bin/ssub haddock complex_run1_energy.job
21417341.rackham.cm.cluster

    calculating desolvation energy
      queue command:
      /home/enmr/software/bin/ssub haddock complex_run1_edesolv.job
21417342.rackham.cm.cluster

    analyzing geometry
      queue command:
      /home/enmr/software/bin/ssub haddock complex_run1_print_geom.job
21417343.rackham.cm.cluster

    analyzing dihedrals
      queue command:
      /home/enmr/software/bin/ssub haddock complex_run1_print_dih.job
21417344.rackham.cm.cluster

    analyzing radius of gyration
      queue command:
      /home/enmr/software/bin/ssub haddock complex_run1_print_rg.job
21417345.rackham.cm.cluster

    analyzing residual dipolar coupling (SANI)
      queue command:
      /home/enmr/software/bin/ssub haddock complex_run1_print_sani.job
21417346.rackham.cm.cluster

    analyzing residual dipolar coupling (VEAN)
      queue command:
      /home/enmr/software/bin/ssub haddock complex_run1_print_vean.job
21417347.rackham.cm.cluster

    analyzing residual dipolar coupling (XRDC)
      queue command:
      /home/enmr/software/bin/ssub haddock complex_run1_print_xrdc.job
21417348.rackham.cm.cluster

    analyzing pseudo contact shifts (XPCS)
      queue command:
      /home/enmr/software/bin/ssub haddock complex_run1_print_xpcs.job
21417349.rackham.cm.cluster

    analyzing diffusion anisotropy restraints (DANI)
      queue command:
      /home/enmr/software/bin/ssub haddock complex_run1_print_dani.job
21417350.rackham.cm.cluster

    analyzing intermolecular hydrogen bonds
      queue command:
      /home/enmr/software/bin/ssub haddock complex_run1_print_hbonds.job
21417351.rackham.cm.cluster

    analyzing intermolecular hydrophobic contacts
      queue command:
      /home/enmr/software/bin/ssub haddock complex_run1_print_nb.job
  waiting for the dihedral analysis file...
    checking dihedral angle restraints violations in /home/enmr/services-enmr/HADDOCK2.2/server/run/userrun002307/run1/structures/it1/analysis/
        check ana_dihed_viol.lis for a listing
  waiting for the H-bonds analysis file...
    checking intermolecular hydrogen bonds /home/enmr/services-enmr/HADDOCK2.2/server/run/userrun002307/run1/structures/it1/analysis/
        check ana_hbonds.lis for a listing
  waiting for the hydrophobic analysis file...
Error in hydrophobic contact analysis, SKIPPED
    starting water refinement for the 20 best structures regarding energy
starting DOCKING protocol 
    calculating structure 1
    calculating structure 2
    calculating structure 3
    calculating structure 4
    calculating structure 5
21417352.rackham.cm.cluster

      queue command:
      /home/diracegi/grid/diracsubmit-haddock2.4-cns packages/package_water_1.tar.gz
    calculating structure 6
    calculating structure 7
    calculating structure 8
    calculating structure 9
    calculating structure 10
 
      queue command:
      /home/diracegi/grid/diracsubmit-haddock2.4-cns packages/package_water_2.tar.gz
    calculating structure 11
    calculating structure 12
    calculating structure 13
    calculating structure 14
    calculating structure 15
 
      queue command:
      /home/diracegi/grid/diracsubmit-haddock2.4-cns packages/package_water_3.tar.gz
    calculating structure 16
    calculating structure 17
    calculating structure 18
    calculating structure 19
    calculating structure 20
 
      queue command:
      /home/diracegi/grid/diracsubmit-haddock2.4-cns packages/package_water_4.tar.gz
 
------------------------------------------------------------
Structure    1    3: running
Structure    2   20: running
Structure    3    7: running
Structure    4    5: running
Structure    5   12: running
Structure    6   14: running
Structure    7    2: running
Structure    8   16: running
Structure    9   10: running
Structure   10   15: running
Structure   11   13: running
Structure   12    8: running
Structure   13   18: running
Structure   14   17: running
Structure   15    9: running
Structure   16    4: running
Structure   17   11: running
Structure   18    6: running
Structure   19    1: running
Structure   20   19: running
------------------------------------------------------------

------------------------------------------------------------
Structure    1    3: running
Structure    2   20: running
Structure    3    7: running
Structure    4    5: running
Structure    5   12: running
Structure   11   13: running
Structure   12    8: running
Structure   13   18: running
Structure   14   17: running
Structure   15    9: running
Structure   16    4: running
Structure   17   11: running
Structure   18    6: running
Structure   19    1: running
Structure   20   19: running
------------------------------------------------------------

------------------------------------------------------------
Structure    1    3: running
Structure    2   20: running
Structure    3    7: running
Structure    4    5: running
Structure    5   12: running
Structure   11   13: running
Structure   12    8: running
Structure   13   18: running
Structure   14   17: running
Structure   15    9: running
------------------------------------------------------------

------------------------------------------------------------
------------------------------------------------------------

+ BEGIN: Sun Jul 11 03:13:03 2021
+ Read 20x20 distance matrix in 0 seconds
+ Writing 1 Clusters
+ Coverage 100.00% (20/20)
+ END: Sun Jul 11 03:13:03 2021 [0.00 seconds]
    creating file.list in /home/enmr/services-enmr/HADDOCK2.2/server/run/userrun002307/run1/structures/it1/water
    creating file.nam in /home/enmr/services-enmr/HADDOCK2.2/server/run/userrun002307/run1/structures/it1/water
    creating file.cns in /home/enmr/services-enmr/HADDOCK2.2/server/run/userrun002307/run1/structures/it1/water
starting analysis scripts for /home/enmr/services-enmr/HADDOCK2.2/server/run/userrun002307/run1/structures/it1/water
  calculating average structure and similarity matrices
      queue command:
       waiting for the average structure...
 /home/enmr/software/bin/ssub haddock complex_run1_get_average.job
21417370.rackham.cm.cluster

      queue command:
      /home/enmr/software/bin/ssub haddock complex_run1_fcc_matrix-water.job
   running analysis scripts:
21417371.rackham.cm.cluster

    analyzing NOEs
      queue command:
      /home/enmr/software/bin/ssub haddock complex_run1_print_noes-water.job
21417372.rackham.cm.cluster

    calculating residue-based intermolecular energies
      queue command:
      /home/enmr/software/bin/ssub haddock complex_run1_ene-residue-water.job
21417373.rackham.cm.cluster

    calculating energies
      queue command:
      /home/enmr/software/bin/ssub haddock complex_run1_energy-water.job
21417374.rackham.cm.cluster

    calculating desolvation energy
      queue command:
      /home/enmr/software/bin/ssub haddock complex_run1_edesolv-water.job
21417375.rackham.cm.cluster

    analyzing geometry
      queue command:
      /home/enmr/software/bin/ssub haddock complex_run1_print_geom-water.job
21417376.rackham.cm.cluster

    analyzing dihedrals
      queue command:
      /home/enmr/software/bin/ssub haddock complex_run1_print_dih-water.job
21417377.rackham.cm.cluster

    analyzing radius of gyration
      queue command:
      /home/enmr/software/bin/ssub haddock complex_run1_print_rg-water.job
21417378.rackham.cm.cluster

    analyzing residual dipolar coupling (SANI)
      queue command:
      /home/enmr/software/bin/ssub haddock complex_run1_print_sani-water.job
21417379.rackham.cm.cluster

    analyzing residual dipolar coupling (VEAN)
      queue command:
      /home/enmr/software/bin/ssub haddock complex_run1_print_vean-water.job
21417380.rackham.cm.cluster

    analyzing residual dipolar coupling (XRDC)
      queue command:
      /home/enmr/software/bin/ssub haddock complex_run1_print_xrdc-water.job
21417381.rackham.cm.cluster

    analyzing pseudo contact shifts (XPCS)
      queue command:
      /home/enmr/software/bin/ssub haddock complex_run1_print_xpcs-water.job
21417382.rackham.cm.cluster

    analyzing diffusion anisotropy restraints (DANI)
      queue command:
      /home/enmr/software/bin/ssub haddock complex_run1_print_dani-water.job
21417383.rackham.cm.cluster

    analyzing intermolecular hydrogen bonds
      queue command:
      /home/enmr/software/bin/ssub haddock complex_run1_print_hbonds-water.job
21417384.rackham.cm.cluster

    analyzing intermolecular hydrophobic contacts
  waiting for the dihedral analysis file...
      queue command:
      /home/enmr/software/bin/ssub haddock complex_run1_print_nb-water.job
    checking dihedral angle restraints violations in /home/enmr/services-enmr/HADDOCK2.2/server/run/userrun002307/run1/structures/it1/water/analysis/
        check ana_dihed_viol.lis for a listing
  waiting for the H-bonds analysis file...
    checking intermolecular hydrogen bonds /home/enmr/services-enmr/HADDOCK2.2/server/run/userrun002307/run1/structures/it1/water/analysis/
        check ana_hbonds.lis for a listing
  waiting for the hydrophobic analysis file...
Error in hydrophobic contact analysis, SKIPPED
  waiting for the matrix file in it1/analysis...
  matrix file in it1/analysis is found
  running clustering for it1/
  Clustering in  /home/enmr/services-enmr/HADDOCK2.2/server/run/userrun002307/run1/structures/it1/analysis  DONE
  Check file  /home/enmr/services-enmr/HADDOCK2.2/server/run/userrun002307/run1/structures/it1/analysis /cluster.out
  waiting for the ene-residue file in it1/analysis...
  ene-residue file in + BEGIN: Sun Jul 11 03:13:03 2021
+ Read 20x20 distance matrix in 0 seconds
+ Writing 1 Clusters
+ Coverage 100.00% (20/20)
+ END: Sun Jul 11 03:13:03 2021 [0.00 seconds]
 Cleaning up HADDOCK run directory 
it1/analysis is found
  waiting for the matrix file in water/analysis...
  matrix file in water/analysis is found
  running clustering for it1/water
  Clustering in  /home/enmr/services-enmr/HADDOCK2.2/server/run/userrun002307/run1/structures/it1/water/analysis  DONE
  Check file  /home/enmr/services-enmr/HADDOCK2.2/server/run/userrun002307/run1/structures/it1/water/analysis /cluster.out
  waiting for the ene-residue file in it1/water/analysis...
21417385.rackham.cm.cluster

  ene-residue file in it1/water/analysis is found
  Now compressing the output files...
  Cleaning up the run directory ... 
##############################################################################
Finishing HADDOCK on:  2021-07-11 03:13:23
Au revoir.
Tot ziens.
Bye bye.

##############################################################################
#                                                                            #
# Starting HADDOCK                                                           #
#                                                                            #
#         N-components version of HADDOCK (current maximum is 6)             #
#                                                                            #
#   Copyright 2003-2020 Alexandre Bonvin, Utrecht University.                #
#   Originally adapted from Aria 1.2 from Nilges and Linge, EMBL.            #
#   All rights reserved.                                                     #
#   This code is part of the HADDOCK software and governed by its            #
#   license. Please see the LICENSE file that should have been included      #
#   as part of this package.                                                 #
#                                                                            #
##############################################################################
    
Starting HADDOCK on: 2021-07-11 03:13:23
 
HADDOCK version:   2.2
Python version: 2.7.14 (default, Feb 15 2018, 17:35:50) 
[GCC 4.8.1]
 Cleaning up HADDOCK run directory 
parsing run.cns file
parsing new.html in /home/enmr/services-enmr/HADDOCK2.2/server/run/userrun002307/run1/data
reading parameters from the file /home/enmr/services-enmr/HADDOCK2.2/server/run/userrun002307/run1/data/new.html
  setting some variables:
  submit_save set to: Save updated parameters
  N_COMP set to: 2
  UNAMBIG_TBL set to: unambig.tbl
  HADDOCK_DIR set to: /home/enmr/software/haddock2.2-grid
  RUN_NUMBER set to: 1
  PROT_SEGID_2 set to: B
  PROT_SEGID_1 set to: A
  PDB_FILE1 set to: protein1.pdb
  AMBIG_TBL set to: ambig.tbl
  PROJECT_DIR set to: /home/enmr/services-enmr/HADDOCK2.2/server/run/userrun002307
  PDB_FILE2 set to: protein2.pdb
submit_save Save updated parameters
N_COMP 2
UNAMBIG_TBL unambig.tbl
HADDOCK_DIR /home/enmr/software/haddock2.2-grid
RUN_NUMBER 1
PROT_SEGID_2 B
PROT_SEGID_1 A
PDB_FILE1 protein1.pdb
AMBIG_TBL ambig.tbl
PROJECT_DIR /home/enmr/services-enmr/HADDOCK2.2/server/run/userrun002307
PDB_FILE2 protein2.pdb
looking for existing files
waterdock false
  waiting for the psf files...
looking for iteration 0
file.list exists => iteration 0 finished.
looking for iteration 1
file.list exists => iteration 1 finished.
CNS analysis files in it1/analysis already exist.
To rerun the analysis delete the "DONE" file in the analysis directory.
file it1/water/file.list already exists => water refinement done.
CNS analysis files of the water refined structures already exist.
To rerun the analysis delete the "DONE" file in the analysis directory.
Cluster file in it1/analysis already exist.
To rerun the clustering delete the "CLUST_DONE" file in the analysis directory.
  waiting for the ene-residue file in it1/analysis...
  ene-residue file in it1/analysis is found
Cluster file in it1/water/analysis already exist.
To rerun the clustering delete the "CLUST_DONE" file in the analysis directory.
  waiting for the ene-residue file in it1/water/analysis...
  ene-residue file in it1/water/analysis is found
  Now compressing the output files...
  Cleaning up the run directory ... 
##############################################################################
Finishing HADDOCK on:  2021-07-11 03:13:24
Au revoir.
Tot ziens.
Bye bye.
Cleaning up HADDOCK run directory
Only  files for structure #1 will be kept...
+ BEGIN: Sun Jul 11 03:13:33 2021
+ Parsing 21 contact files
+ Calculating Matrix
+ Writing matrix to <stdout>
+ END: Sun Jul 11 03:13:33 2021 [  0.00 seconds elapsed]
mv: No match.
/home/enmr/services/HADDOCK2.2/server/results/7999758290/truncated/structures/it1/water/CAPRI_analysis/../analysis//RMSD_Calc.sh: line 43: [: ==: unary operator expected
/home/enmr/services/HADDOCK2.2/server/results/7999758290/truncated/structures/it1/water/CAPRI_analysis/../analysis//RMSD_Calc.sh: line 43: [: ==: unary operator expected
/home/enmr/services/HADDOCK2.2/server/results/7999758290/truncated/structures/it1/water/CAPRI_analysis/../analysis//RMSD_Calc.sh: line 98: ./complex_1w.pdb: Permission denied

Attaching package: ‘gplots’

The following object is masked from ‘package:stats’:

    lowess


Attaching package: ‘gplots’

The following object is masked from ‘package:stats’:

    lowess


Attaching package: ‘gplots’

The following object is masked from ‘package:stats’:

    lowess


Attaching package: ‘gplots’

The following object is masked from ‘package:stats’:

    lowess


Attaching package: ‘gplots’

The following object is masked from ‘package:stats’:

    lowess


Attaching package: ‘gplots’

The following object is masked from ‘package:stats’:

    lowess


Attaching package: ‘gplots’

The following object is masked from ‘package:stats’:

    lowess

