
##############################################################################
#                                                                            #
# Starting HADDOCK                                                           #
#                                                                            #
#         N-components version of HADDOCK (current maximum is 6)             #
#                                                                            #
#   Copyright 2003-2020 Alexandre Bonvin, Utrecht University.                #
#   Originally adapted from Aria 1.2 from Nilges and Linge, EMBL.            #
#   All rights reserved.                                                     #
#   This code is part of the HADDOCK software and governed by its            #
#   license. Please see the LICENSE file that should have been included      #
#   as part of this package.                                                 #
#                                                                            #
##############################################################################
    
Starting HADDOCK on: 2021-04-14 08:46:19
 
HADDOCK version:   2.2
Python version: 2.7.14 (default, Feb 15 2018, 17:35:50) 
[GCC 4.8.1]
parsing run.cns file
parsing new.html in /home/enmr/services/HADDOCK2.2/server/run/userrun000079/run1/data
reading parameters from the file /home/enmr/services/HADDOCK2.2/server/run/userrun000079/run1/data/new.html
  setting some variables:
  submit_save set to: Save updated parameters
  N_COMP set to: 2
  UNAMBIG_TBL set to: unambig.tbl
  HADDOCK_DIR set to: /home/enmr/software/haddock2.2
  RUN_NUMBER set to: 1
  PROT_SEGID_2 set to: B
  PROT_SEGID_1 set to: A
  PDB_FILE1 set to: protein1.pdb
  AMBIG_TBL set to: ambig.tbl
  PROJECT_DIR set to: /home/enmr/services/HADDOCK2.2/server/run/userrun000079
  PDB_FILE2 set to: protein2.pdb
submit_save Save updated parameters
N_COMP 2
UNAMBIG_TBL unambig.tbl
HADDOCK_DIR /home/enmr/software/haddock2.2
RUN_NUMBER 1
PROT_SEGID_2 B
PROT_SEGID_1 A
PDB_FILE1 protein1.pdb
AMBIG_TBL ambig.tbl
PROJECT_DIR /home/enmr/services/HADDOCK2.2/server/run/userrun000079
PDB_FILE2 protein2.pdb
looking for existing files
waterdock false
generating PSF and PDB file of protein A with the command:
      queue command:
      ssub medium complex_run1_generate_A.job
generating PSF and PDB file of protein B with the command:
      queue command:
       waiting for the psf files...
 ssub medium complex_run1_generate_B.job
19741146.rackham.cm.cluster

19741147.rackham.cm.cluster

merging topologies and coordinates files with the command:
      queue command:
        waiting for the merged files...
ssub medium complex_run1_generate_complex.job
19741148.rackham.cm.cluster

looking for iteration 0
working on iteration 0
starting DOCKING protocol 
    calculating structure 1
    calculating structure 2
    calculating structure 3
    calculating structure 4
    calculating structure 5
    calculating structure 6
    calculating structure 7
    calculating structure 8
    calculating structure 9
    calculating structure 10
      queue command:
      ssub medium complex_run1_it0_refine_1.job
    calculating structure 11
    calculating structure 12
    calculating structure 13
    calculating structure 14
    calculating structure 15
    calculating structure 16
    calculating structure 17
    calculating structure 18
    calculating structure 19
    calculating structure 20
      queue command:
      ssub medium complex_run1_it0_refine_11.job
19741149.rackham.cm.cluster

19741150.rackham.cm.cluster

------------------------------------------------------------
Structure    1: running
Structure    2: running
Structure    3: running
Structure    4: running
Structure    5: running
Structure    6: running
Structure    7: running
Structure    8: running
Structure    9: running
Structure   10: running
Structure   11: running
Structure   12: running
Structure   13: running
Structure   14: running
Structure   15: running
Structure   16: running
Structure   17: running
Structure   18: running
Structure   19: running
Structure   20: running
------------------------------------------------------------

------------------------------------------------------------
Structure    2: running
Structure    3: running
Structure    4: running
Structure    5: running
Structure    6: running
Structure    7: running
Structure    8: running
Structure    9: running
Structure   10: running
Structure   12: running
Structure   13: running
Structure   14: running
Structure   15: running
Structure   16: running
Structure   17: running
Structure   18: running
Structure   19: running
Structure   20: running
------------------------------------------------------------

------------------------------------------------------------
Structure    3: running
Structure    4: running
Structure    5: running
Structure    6: running
Structure    7: running
Structure    8: running
Structure    9: running
Structure   10: running
Structure   13: running
Structure   14: running
Structure   15: running
Structure   16: running
Structure   17: running
Structure   18: running
Structure   19: running
Structure   20: running
------------------------------------------------------------

------------------------------------------------------------
Structure    4: running
Structure    5: running
Structure    6: running
Structure    7: running
Structure    8: running
Structure    9: running
Structure   10: running
Structure   14: running
Structure   15: running
Structure   16: running
Structure   17: running
Structure   18: running
Structure   19: running
Structure   20: running
------------------------------------------------------------

------------------------------------------------------------
Structure    6: running
Structure    7: running
Structure    8: running
Structure    9: running
Structure   10: running
Structure   16: running
Structure   17: running
Structure   18: running
Structure   19: running
Structure   20: running
------------------------------------------------------------

------------------------------------------------------------
Structure    7: running
Structure    8: running
Structure    9: running
Structure   10: running
Structure   17: running
Structure   18: running
Structure   19: running
Structure   20: running
------------------------------------------------------------

------------------------------------------------------------
Structure    8: running
Structure    9: running
Structure   10: running
Structure   18: running
Structure   19: running
Structure   20: running
------------------------------------------------------------

------------------------------------------------------------
Structure    9: running
Structure   10: running
Structure   19: running
Structure   20: running
------------------------------------------------------------

------------------------------------------------------------
------------------------------------------------------------

    creating file.list in /home/enmr/services/HADDOCK2.2/server/run/userrun000079/run1/structures/it0
    creating file.nam in /home/enmr/services/HADDOCK2.2/server/run/userrun000079/run1/structures/it0
    creating file.cns in /home/enmr/services/HADDOCK2.2/server/run/userrun000079/run1/structures/it0
looking for iteration 1
working on iteration 1
starting DOCKING protocol 
    calculating structure 1
    calculating structure 2
      queue command:
      ssub medium complex_run1_it1_refine_1.job
    calculating structure 3
    calculating structure 4
      queue command:
      ssub medium complex_run1_it1_refine_3.job
    calculating structure 5
    calculating structure 6
      queue command:
      ssub medium complex_run1_it1_refine_5.job
    calculating structure 7
    calculating structure 8
      queue command:
      ssub medium complex_run1_it1_refine_7.job
    calculating structure 9
    calculating structure 10
      queue command:
      ssub medium complex_run1_it1_refine_9.job
    calculating structure 11
    calculating structure 12
      queue command:
      ssub medium complex_run1_it1_refine_11.job
    calculating structure 13
    calculating structure 14
      queue command:
      ssub medium complex_run1_it1_refine_13.job
    calculating structure 15
    calculating structure 16
      queue command:
      ssub medium complex_run1_it1_refine_15.job
    calculating structure 17
    calculating structure 18
      queue command:
      ssub medium complex_run1_it1_refine_17.job
    calculating structure 19
    calculating structure 20
      queue command:
      ssub medium complex_run1_it1_refine_19.job
19741151.rackham.cm.cluster

19741152.rackham.cm.cluster

19741157.rackham.cm.cluster

19741154.rackham.cm.cluster

19741155.rackham.cm.cluster

19741159.rackham.cm.cluster

19741153.rackham.cm.cluster

19741160.rackham.cm.cluster

19741158.rackham.cm.cluster

19741156.rackham.cm.cluster

------------------------------------------------------------
Structure    1: running
Structure    2: running
Structure    3: running
Structure    4: running
Structure    5: running
Structure    6: running
Structure    7: running
Structure    8: running
Structure    9: running
Structure   10: running
Structure   11: running
Structure   12: running
Structure   13: running
Structure   14: running
Structure   15: running
Structure   16: running
Structure   17: running
Structure   18: running
Structure   19: running
Structure   20: running
------------------------------------------------------------

------------------------------------------------------------
Structure    2: running
Structure    4: running
Structure    6: running
Structure    8: running
Structure   10: running
Structure   12: running
Structure   14: running
Structure   16: running
Structure   18: running
Structure   20: running
------------------------------------------------------------

------------------------------------------------------------
Structure    6: running
Structure    8: running
Structure   10: running
Structure   12: running
Structure   14: running
Structure   16: running
Structure   18: running
Structure   20: running
------------------------------------------------------------

------------------------------------------------------------
------------------------------------------------------------

    creating file.list in /home/enmr/services/HADDOCK2.2/server/run/userrun000079/run1/structures/it1
    creating file.nam in /home/enmr/services/HADDOCK2.2/server/run/userrun000079/run1/structures/it1
    creating file.cns in /home/enmr/services/HADDOCK2.2/server/run/userrun000079/run1/structures/it1
starting analysis scripts for /home/enmr/services/HADDOCK2.2/server/run/userrun000079/run1/structures/it1
  calculating average structure and similarity matrices
      queue command:
      ssub medium complex_run1_get_average.job  waiting for the average structure...

19741161.rackham.cm.cluster

      queue command:
        running analysis scripts:
ssub medium complex_run1_fcc_matrix.job
19741162.rackham.cm.cluster

    analyzing NOEs
      queue command:
      ssub medium complex_run1_print_noes.job
19741163.rackham.cm.cluster

    calculating residue-based intermolecular energies
      queue command:
      ssub medium complex_run1_ene-residue.job
19741164.rackham.cm.cluster

    calculating energies
      queue command:
      ssub medium complex_run1_energy.job
19741165.rackham.cm.cluster

    calculating desolvation energy
      queue command:
      ssub medium complex_run1_edesolv.job
19741166.rackham.cm.cluster

    analyzing geometry
      queue command:
      ssub medium complex_run1_print_geom.job
19741167.rackham.cm.cluster

    analyzing dihedrals
      queue command:
      ssub medium complex_run1_print_dih.job
19741168.rackham.cm.cluster

    analyzing radius of gyration
      queue command:
      ssub medium complex_run1_print_rg.job
19741169.rackham.cm.cluster

    analyzing residual dipolar coupling (SANI)
      queue command:
      ssub medium complex_run1_print_sani.job
19741170.rackham.cm.cluster

    analyzing residual dipolar coupling (VEAN)
      queue command:
      ssub medium complex_run1_print_vean.job
19741171.rackham.cm.cluster

    analyzing residual dipolar coupling (XRDC)
      queue command:
      ssub medium complex_run1_print_xrdc.job
19741172.rackham.cm.cluster

    analyzing pseudo contact shifts (XPCS)
      queue command:
      ssub medium complex_run1_print_xpcs.job
19741173.rackham.cm.cluster

    analyzing diffusion anisotropy restraints (DANI)
      queue command:
      ssub medium complex_run1_print_dani.job
19741174.rackham.cm.cluster

    analyzing intermolecular hydrogen bonds
      queue command:
      ssub medium complex_run1_print_hbonds.job
19741175.rackham.cm.cluster

    analyzing intermolecular hydrophobic contacts
      queue command:
        waiting for the dihedral analysis file...
ssub medium complex_run1_print_nb.job
    checking dihedral angle restraints violations in /home/enmr/services/HADDOCK2.2/server/run/userrun000079/run1/structures/it1/analysis/
        check ana_dihed_viol.lis for a listing
  waiting for the H-bonds analysis file...
Error in hydrogen bond analysis, SKIPPED
  waiting for the hydrophobic analysis file...
Error in hydrophobic contact analysis, SKIPPED
    starting water refinement for the 20 best structures regarding energy
starting DOCKING protocol 
    calculating structure 1
    calculating structure 2
      queue command:
      ssub medium complex_run1_3w.job
    calculating structure 3
    calculating structure 4
      queue command:
      ssub medium complex_run1_7w.job
    calculating structure 5
    calculating structure 6
      queue command:
      ssub medium complex_run1_12w.job
    calculating structure 7
    calculating structure 8
      queue command:
      ssub medium complex_run1_2w.job
    calculating structure 9
    calculating structure 10
      queue command:
      ssub medium complex_run1_10w.job
    calculating structure 11
    calculating structure 12
      queue command:
      ssub medium complex_run1_13w.job
    calculating structure 13
    calculating structure 14
      queue command:
      ssub medium complex_run1_18w.job
    calculating structure 15
    calculating structure 16
      queue command:
      ssub medium complex_run1_9w.job
    calculating structure 17
    calculating structure 18
      queue command:
      ssub medium complex_run1_11w.job
    calculating structure 19
    calculating structure 20
      queue command:
      ssub medium complex_run1_1w.job
19741176.rackham.cm.cluster

19741177.rackham.cm.cluster

19741178.rackham.cm.cluster

19741183.rackham.cm.cluster

19741182.rackham.cm.cluster

19741180.rackham.cm.cluster

19741181.rackham.cm.cluster

19741179.rackham.cm.cluster

19741186.rackham.cm.cluster

19741185.rackham.cm.cluster

19741184.rackham.cm.cluster

------------------------------------------------------------
Structure    1    3: running
Structure    2   20: running
Structure    3    7: running
Structure    4    5: running
Structure    5   12: running
Structure    6   14: running
Structure    7    2: running
Structure    8   16: running
Structure    9   10: running
Structure   10   15: running
Structure   11   13: running
Structure   12    8: running
Structure   13   18: running
Structure   14   17: running
Structure   15    9: running
Structure   16    4: running
Structure   17   11: running
Structure   18    6: running
Structure   19    1: running
Structure   20   19: running
------------------------------------------------------------

------------------------------------------------------------
Structure    1    3: running
Structure    2   20: running
Structure    3    7: running
Structure    4    5: running
Structure    5   12: running
Structure    6   14: running
Structure    7    2: running
Structure    8   16: running
Structure   10   15: running
Structure   11   13: running
Structure   12    8: running
Structure   13   18: running
Structure   14   17: running
Structure   15    9: running
Structure   16    4: running
Structure   17   11: running
Structure   18    6: running
Structure   19    1: running
Structure   20   19: running
------------------------------------------------------------

------------------------------------------------------------
Structure    2   20: running
Structure    4    5: running
Structure    6   14: running
Structure    8   16: running
Structure   10   15: running
Structure   12    8: running
Structure   14   17: running
Structure   16    4: running
Structure   18    6: running
Structure   20   19: running
------------------------------------------------------------

------------------------------------------------------------
Structure    2   20: running
Structure    4    5: running
Structure    6   14: running
Structure    8   16: running
Structure   12    8: running
Structure   14   17: running
Structure   16    4: running
Structure   18    6: running
Structure   20   19: running
------------------------------------------------------------

------------------------------------------------------------
Structure   14   17: running
------------------------------------------------------------

------------------------------------------------------------
------------------------------------------------------------

+ BEGIN: Wed Apr 14 09:11:44 2021
+ Read 20x20 distance matrix in 0 seconds
+ Writing 1 Clusters
+ Coverage 100.00% (20/20)
+ END: Wed Apr 14 09:11:44 2021 [0.00 seconds]
+ BEGIN: Wed Apr 14 09:11:45 2021
+ Read 20x20 distance matrix in 0 seconds
+ Writing 1 Clusters
+ Coverage 100.00% (20/20)
+ END: Wed Apr 14 09:11:45 2021 [0.00 seconds]
 Cleaning up HADDOCK run directory 
    creating file.list in /home/enmr/services/HADDOCK2.2/server/run/userrun000079/run1/structures/it1/water
    creating file.nam in /home/enmr/services/HADDOCK2.2/server/run/userrun000079/run1/structures/it1/water
    creating file.cns in /home/enmr/services/HADDOCK2.2/server/run/userrun000079/run1/structures/it1/water
starting analysis scripts for /home/enmr/services/HADDOCK2.2/server/run/userrun000079/run1/structures/it1/water
  calculating average structure and similarity matrices
      queue command:
      ssub medium complex_run1_get_average.job  waiting for the average structure...

19741228.rackham.cm.cluster

  running analysis scripts:
      queue command:
      ssub medium complex_run1_fcc_matrix-water.job
19741229.rackham.cm.cluster

    analyzing NOEs
      queue command:
      ssub medium complex_run1_print_noes-water.job
19741230.rackham.cm.cluster

    calculating residue-based intermolecular energies
      queue command:
      ssub medium complex_run1_ene-residue-water.job
19741231.rackham.cm.cluster

    calculating energies
      queue command:
      ssub medium complex_run1_energy-water.job
19741232.rackham.cm.cluster

    calculating desolvation energy
      queue command:
      ssub medium complex_run1_edesolv-water.job
19741233.rackham.cm.cluster

    analyzing geometry
      queue command:
      ssub medium complex_run1_print_geom-water.job
19741234.rackham.cm.cluster

    analyzing dihedrals
      queue command:
      ssub medium complex_run1_print_dih-water.job
19741235.rackham.cm.cluster

    analyzing radius of gyration
      queue command:
      ssub medium complex_run1_print_rg-water.job
19741236.rackham.cm.cluster

    analyzing residual dipolar coupling (SANI)
      queue command:
      ssub medium complex_run1_print_sani-water.job
19741237.rackham.cm.cluster

    analyzing residual dipolar coupling (VEAN)
      queue command:
      ssub medium complex_run1_print_vean-water.job
19741238.rackham.cm.cluster

    analyzing residual dipolar coupling (XRDC)
      queue command:
      ssub medium complex_run1_print_xrdc-water.job
19741239.rackham.cm.cluster

    analyzing pseudo contact shifts (XPCS)
      queue command:
      ssub medium complex_run1_print_xpcs-water.job
19741240.rackham.cm.cluster

    analyzing diffusion anisotropy restraints (DANI)
      queue command:
      ssub medium complex_run1_print_dani-water.job
19741241.rackham.cm.cluster

    analyzing intermolecular hydrogen bonds
      queue command:
      ssub medium complex_run1_print_hbonds-water.job
19741242.rackham.cm.cluster

    analyzing intermolecular hydrophobic contacts
  waiting for the dihedral analysis file...
      queue command:
      ssub medium complex_run1_print_nb-water.job
    checking dihedral angle restraints violations in /home/enmr/services/HADDOCK2.2/server/run/userrun000079/run1/structures/it1/water/analysis/
        check ana_dihed_viol.lis for a listing
  waiting for the H-bonds analysis file...
Error in hydrogen bond analysis, SKIPPED
  waiting for the hydrophobic analysis file...
Error in hydrophobic contact analysis, SKIPPED
  waiting for the matrix file in it1/analysis...
  matrix file in it1/analysis is found
  running clustering for it1/
  Clustering in  /home/enmr/services/HADDOCK2.2/server/run/userrun000079/run1/structures/it1/analysis  DONE
  Check file  /home/enmr/services/HADDOCK2.2/server/run/userrun000079/run1/structures/it1/analysis /cluster.out
  waiting for the ene-residue file in it1/analysis...
  ene-residue file in it1/analysis is found
  waiting for the matrix file in water/analysis...
  matrix file in water/analysis is found
  running clustering for it1/water
  Clustering in  /home/enmr/services/HADDOCK2.2/server/run/userrun000079/run1/structures/it1/water/analysis  DONE
  Check file  /home/enmr/services/HADDOCK2.2/server/run/userrun000079/run1/structures/it1/water/analysis /cluster.out
  waiting for the ene-residue file in it1/water/analysis...
  ene-residue file in it1/water/analysis is found
  Now compressing the output files...
  Cleaning up the run directory ... 
##############################################################################
Finishing HADDOCK on:  2021-04-14 09:11:45
Au revoir.
Tot ziens.
Bye bye.

##############################################################################
#                                                                            #
# Starting HADDOCK                                                           #
#                                                                            #
#         N-components version of HADDOCK (current maximum is 6)             #
#                                                                            #
#   Copyright 2003-2020 Alexandre Bonvin, Utrecht University.                #
#   Originally adapted from Aria 1.2 from Nilges and Linge, EMBL.            #
#   All rights reserved.                                                     #
#   This code is part of the HADDOCK software and governed by its            #
#   license. Please see the LICENSE file that should have been included      #
#   as part of this package.                                                 #
#                                                                            #
##############################################################################
    
Starting HADDOCK on: 2021-04-14 09:11:45
 
HADDOCK version:   2.2
Python version: 2.7.14 (default, Feb 15 2018, 17:35:50) 
[GCC 4.8.1]
 Cleaning up HADDOCK run directory 
parsing run.cns file
parsing new.html in /home/enmr/services/HADDOCK2.2/server/run/userrun000079/run1/data
reading parameters from the file /home/enmr/services/HADDOCK2.2/server/run/userrun000079/run1/data/new.html
  setting some variables:
  submit_save set to: Save updated parameters
  N_COMP set to: 2
  UNAMBIG_TBL set to: unambig.tbl
  HADDOCK_DIR set to: /home/enmr/software/haddock2.2
  RUN_NUMBER set to: 1
  PROT_SEGID_2 set to: B
  PROT_SEGID_1 set to: A
  PDB_FILE1 set to: protein1.pdb
  AMBIG_TBL set to: ambig.tbl
  PROJECT_DIR set to: /home/enmr/services/HADDOCK2.2/server/run/userrun000079
  PDB_FILE2 set to: protein2.pdb
submit_save Save updated parameters
N_COMP 2
UNAMBIG_TBL unambig.tbl
HADDOCK_DIR /home/enmr/software/haddock2.2
RUN_NUMBER 1
PROT_SEGID_2 B
PROT_SEGID_1 A
PDB_FILE1 protein1.pdb
AMBIG_TBL ambig.tbl
PROJECT_DIR /home/enmr/services/HADDOCK2.2/server/run/userrun000079
PDB_FILE2 protein2.pdb
looking for existing files
waterdock false
  waiting for the psf files...
looking for iteration 0
file.list exists => iteration 0 finished.
looking for iteration 1
file.list exists => iteration 1 finished.
CNS analysis files in it1/analysis already exist.
To rerun the analysis delete the "DONE" file in the analysis directory.
file it1/water/file.list already exists => water refinement done.
CNS analysis files of the water refined structures already exist.
To rerun the analysis delete the "DONE" file in the analysis directory.
Cluster file in it1/analysis already exist.
To rerun the clustering delete the "CLUST_DONE" file in the analysis directory.
  waiting for the ene-residue file in it1/analysis...
  ene-residue file in it1/analysis is found
Cluster file in it1/water/analysis already exist.
To rerun the clustering delete the "CLUST_DONE" file in the analysis directory.
  waiting for the ene-residue file in it1/water/analysis...
  ene-residue file in it1/water/analysis is found
  Now compressing the output files...
  Cleaning up the run directory ... 
##############################################################################
Finishing HADDOCK on:  2021-04-14 09:11:45
Au revoir.
Tot ziens.
Bye bye.
Cleaning up HADDOCK run directory
Only  files for structure #1 will be kept...
chmod: changing permissions of `/home/enmr/services-enmr/HADDOCK2.2/server/results/5075578311/ei2gamma_bgamma': Operation not permitted
chmod: changing permissions of `/home/enmr/services-enmr/HADDOCK2.2/server/results/5075578311/ei2gamma_bgamma/index.html': Operation not permitted
chmod: changing permissions of `/home/enmr/services-enmr/HADDOCK2.2/server/results/5075578311/ei2gamma_bgamma/haddockparam.web': Operation not permitted
+ BEGIN: Wed Apr 14 09:11:56 2021
+ Parsing 21 contact files
+ Calculating Matrix
+ Writing matrix to <stdout>
+ END: Wed Apr 14 09:11:56 2021 [  0.00 seconds elapsed]
mv: No match.
/home/enmr/services/HADDOCK2.2/server/results/5075578311/ei2gamma_bgamma/structures/it1/water/CAPRI_analysis/../analysis//RMSD_Calc.sh: line 43: [: ==: unary operator expected
/home/enmr/services/HADDOCK2.2/server/results/5075578311/ei2gamma_bgamma/structures/it1/water/CAPRI_analysis/../analysis//RMSD_Calc.sh: line 43: [: ==: unary operator expected
/home/enmr/services/HADDOCK2.2/server/results/5075578311/ei2gamma_bgamma/structures/it1/water/CAPRI_analysis/../analysis//RMSD_Calc.sh: line 98: ./complex_6w.pdb: Permission denied

Attaching package: ‘gplots’

The following object is masked from ‘package:stats’:

    lowess


Attaching package: ‘gplots’

The following object is masked from ‘package:stats’:

    lowess


Attaching package: ‘gplots’

The following object is masked from ‘package:stats’:

    lowess

Warning messages:
1: In arrows(li, y, pmax(x - gap, li), y, col = barcol, lwd = lwd,  :
  zero-length arrow is of indeterminate angle and so skipped
2: In arrows(ui, y, pmin(x + gap, ui), y, col = barcol, lwd = lwd,  :
  zero-length arrow is of indeterminate angle and so skipped

Attaching package: ‘gplots’

The following object is masked from ‘package:stats’:

    lowess


Attaching package: ‘gplots’

The following object is masked from ‘package:stats’:

    lowess


Attaching package: ‘gplots’

The following object is masked from ‘package:stats’:

    lowess


Attaching package: ‘gplots’

The following object is masked from ‘package:stats’:

    lowess

