Interface Mode ON
Loaded 20 structures
Using complex_17w.pdb as reference
Read 2 chains from contacts file: AB
Checking chain lengths: WARNING!! Chains have different lengths! (B:299 != A:422)
You main run into problems later on...
OK!
Generating ZONE definitions..
Defined 1 zone(s)
ZONE CLEAR \n ZONE A.311-A.311:A.311-A.311 ZONE A.312-A.312:A.312-A.312 ZONE A.313-A.313:A.313-A.313 ZONE A.314-A.314:A.314-A.314 ZONE A.315-A.315:A.315-A.315 ZONE A.316-A.316:A.316-A.316 ZONE A.317-A.317:A.317-A.317 ZONE A.318-A.318:A.318-A.318 ZONE A.319-A.319:A.319-A.319 ZONE A.320-A.320:A.320-A.320 ZONE A.321-A.321:A.321-A.321 ZONE A.322-A.322:A.322-A.322 ZONE A.323-A.323:A.323-A.323 ZONE A.324-A.324:A.324-A.324 ZONE A.325-A.325:A.325-A.325 ZONE A.359-A.359:A.359-A.359 ZONE A.362-A.362:A.362-A.362 ZONE A.365-A.365:A.365-A.365 ZONE A.382-A.382:A.382-A.382 ZONE A.412-A.412:A.412-A.412 ZONE A.413-A.413:A.413-A.413 ZONE A.414-A.414:A.414-A.414 ZONE A.415-A.415:A.415-A.415 ZONE A.416-A.416:A.416-A.416 ZONE A.418-A.418:A.418-A.418 ZONE A.425-A.425:A.425-A.425 ZONE A.426-A.426:A.426-A.426 ZONE A.427-A.427:A.427-A.427 ZONE A.428-A.428:A.428-A.428 ZONE A.429-A.429:A.429-A.429 ZONE A.430-A.430:A.430-A.430 ZONE A.431-A.431:A.431-A.431 ZONE A.441-A.441:A.441-A.441 ZONE A.442-A.442:A.442-A.442 ZONE A.443-A.443:A.443-A.443 ZONE A.444-A.444:A.444-A.444 ZONE A.445-A.445:A.445-A.445 ZONE A.459-A.459:A.459-A.459 ZONE A.461-A.461:A.461-A.461 ZONE A.462-A.462:A.462-A.462\n ZONE B.10-B.10:B.10-B.10 ZONE B.26-B.26:B.26-B.26 ZONE B.27-B.27:B.27-B.27 ZONE B.28-B.28:B.28-B.28 ZONE B.29-B.29:B.29-B.29 ZONE B.55-B.55:B.55-B.55 ZONE B.56-B.56:B.56-B.56 ZONE B.61-B.61:B.61-B.61 ZONE B.62-B.62:B.62-B.62 ZONE B.63-B.63:B.63-B.63 ZONE B.64-B.64:B.64-B.64 ZONE B.65-B.65:B.65-B.65 ZONE B.66-B.66:B.66-B.66 ZONE B.77-B.77:B.77-B.77 ZONE B.78-B.78:B.78-B.78 ZONE B.79-B.79:B.79-B.79 ZONE B.80-B.80:B.80-B.80 ZONE B.81-B.81:B.81-B.81 ZONE B.82-B.82:B.82-B.82 ZONE B.83-B.83:B.83-B.83 ZONE B.84-B.84:B.84-B.84 ZONE B.85-B.85:B.85-B.85 ZONE B.88-B.88:B.88-B.88 ZONE B.91-B.91:B.91-B.91 ZONE B.92-B.92:B.92-B.92 ZONE B.93-B.93:B.93-B.93 ZONE B.174-B.174:B.174-B.174 ZONE B.175-B.175:B.175-B.175 ZONE B.177-B.177:B.177-B.177 ZONE B.216-B.216:B.216-B.216 ZONE B.217-B.217:B.217-B.217 ZONE B.218-B.218:B.218-B.218 ZONE B.219-B.219:B.219-B.219 ZONE B.220-B.220:B.220-B.220 ZONE B.279-B.279:B.279-B.279 ZONE B.280-B.280:B.280-B.280 ZONE B.281-B.281:B.281-B.281 ZONE B.282-B.282:B.282-B.282 ZONE B.410-B.410:B.410-B.410 ZONE B.412-B.412:B.412-B.412\n FIT
RMS: 0.000
1
RMS: 0.509
1
RMS: 0.515
1
RMS: 0.498
1
RMS: 0.543
1
RMS: 0.510
1
RMS: 0.641
1
RMS: 0.594
1
RMS: 0.472
1
RMS: 0.497
1
RMS: 0.537
1
RMS: 0.479
1
RMS: 0.426
1
RMS: 0.549
1
RMS: 0.550
1
RMS: 0.580
1
RMS: 0.415
1
RMS: 0.468
1
RMS: 0.511
1
RMS: 0.497
1

