Interface Mode ON
Loaded 20 structures
Using complex_18w.pdb as reference
Read 2 chains from contacts file: AB
Checking chain lengths: WARNING!! Chains have different lengths! (B:73 != A:648)
You main run into problems later on...
OK!
Generating ZONE definitions..
Defined 1 zone(s)
ZONE CLEAR \n ZONE A.27-A.27:A.27-A.27 ZONE A.28-A.28:A.28-A.28 ZONE A.29-A.29:A.29-A.29 ZONE A.30-A.30:A.30-A.30 ZONE A.31-A.31:A.31-A.31 ZONE A.32-A.32:A.32-A.32 ZONE A.33-A.33:A.33-A.33 ZONE A.34-A.34:A.34-A.34 ZONE A.37-A.37:A.37-A.37 ZONE A.38-A.38:A.38-A.38 ZONE A.66-A.66:A.66-A.66 ZONE A.69-A.69:A.69-A.69 ZONE A.70-A.70:A.70-A.70 ZONE A.71-A.71:A.71-A.71 ZONE A.281-A.281:A.281-A.281 ZONE A.282-A.282:A.282-A.282 ZONE A.283-A.283:A.283-A.283 ZONE A.284-A.284:A.284-A.284 ZONE A.285-A.285:A.285-A.285 ZONE A.286-A.286:A.286-A.286 ZONE A.287-A.287:A.287-A.287 ZONE A.288-A.288:A.288-A.288 ZONE A.289-A.289:A.289-A.289 ZONE A.290-A.290:A.290-A.290 ZONE A.291-A.291:A.291-A.291 ZONE A.292-A.292:A.292-A.292 ZONE A.1399-A.1399:A.1399-A.1399 ZONE A.1400-A.1400:A.1400-A.1400 ZONE A.1401-A.1401:A.1401-A.1401 ZONE A.1418-A.1418:A.1418-A.1418\n ZONE B.340-B.340:B.340-B.340 ZONE B.341-B.341:B.341-B.341 ZONE B.352-B.352:B.352-B.352 ZONE B.353-B.353:B.353-B.353 ZONE B.354-B.354:B.354-B.354 ZONE B.355-B.355:B.355-B.355 ZONE B.356-B.356:B.356-B.356 ZONE B.357-B.357:B.357-B.357 ZONE B.358-B.358:B.358-B.358 ZONE B.359-B.359:B.359-B.359 ZONE B.360-B.360:B.360-B.360 ZONE B.361-B.361:B.361-B.361 ZONE B.362-B.362:B.362-B.362 ZONE B.371-B.371:B.371-B.371 ZONE B.372-B.372:B.372-B.372 ZONE B.373-B.373:B.373-B.373 ZONE B.374-B.374:B.374-B.374 ZONE B.375-B.375:B.375-B.375 ZONE B.376-B.376:B.376-B.376 ZONE B.377-B.377:B.377-B.377 ZONE B.378-B.378:B.378-B.378 ZONE B.379-B.379:B.379-B.379 ZONE B.388-B.388:B.388-B.388 ZONE B.389-B.389:B.389-B.389 ZONE B.390-B.390:B.390-B.390 ZONE B.391-B.391:B.391-B.391 ZONE B.392-B.392:B.392-B.392 ZONE B.393-B.393:B.393-B.393 ZONE B.394-B.394:B.394-B.394 ZONE B.395-B.395:B.395-B.395 ZONE B.396-B.396:B.396-B.396 ZONE B.406-B.406:B.406-B.406 ZONE B.407-B.407:B.407-B.407 ZONE B.408-B.408:B.408-B.408 ZONE B.409-B.409:B.409-B.409 ZONE B.410-B.410:B.410-B.410 ZONE B.411-B.411:B.411-B.411 ZONE B.412-B.412:B.412-B.412\n FIT
RMS: 0.000
1
RMS: 0.479
1
RMS: 0.477
1
RMS: 0.489
1
RMS: 0.484
1
RMS: 0.480
1
RMS: 0.450
1
RMS: 0.480
1
RMS: 0.494
1
RMS: 0.511
1
RMS: 0.449
1
RMS: 0.535
1
RMS: 0.533
1
RMS: 0.442
1
RMS: 0.517
1
RMS: 0.446
1
RMS: 0.413
1
RMS: 0.449
1
RMS: 0.375
1
RMS: 0.537
1

