Interface Mode ON
Loaded 20 structures
Using complex_8w.pdb as reference
Read 2 chains from contacts file: AB
Checking chain lengths: WARNING!! Chains have different lengths! (B:339 != A:422)
You main run into problems later on...
OK!
Generating ZONE definitions..
Defined 1 zone(s)
ZONE CLEAR \n ZONE A.311-A.311:A.311-A.311 ZONE A.312-A.312:A.312-A.312 ZONE A.313-A.313:A.313-A.313 ZONE A.314-A.314:A.314-A.314 ZONE A.315-A.315:A.315-A.315 ZONE A.316-A.316:A.316-A.316 ZONE A.317-A.317:A.317-A.317 ZONE A.318-A.318:A.318-A.318 ZONE A.319-A.319:A.319-A.319 ZONE A.320-A.320:A.320-A.320 ZONE A.321-A.321:A.321-A.321 ZONE A.322-A.322:A.322-A.322 ZONE A.323-A.323:A.323-A.323 ZONE A.324-A.324:A.324-A.324 ZONE A.359-A.359:A.359-A.359 ZONE A.362-A.362:A.362-A.362 ZONE A.365-A.365:A.365-A.365 ZONE A.382-A.382:A.382-A.382 ZONE A.409-A.409:A.409-A.409 ZONE A.410-A.410:A.410-A.410 ZONE A.411-A.411:A.411-A.411 ZONE A.412-A.412:A.412-A.412 ZONE A.413-A.413:A.413-A.413 ZONE A.414-A.414:A.414-A.414 ZONE A.415-A.415:A.415-A.415 ZONE A.416-A.416:A.416-A.416 ZONE A.418-A.418:A.418-A.418 ZONE A.425-A.425:A.425-A.425 ZONE A.426-A.426:A.426-A.426 ZONE A.427-A.427:A.427-A.427 ZONE A.428-A.428:A.428-A.428 ZONE A.429-A.429:A.429-A.429 ZONE A.430-A.430:A.430-A.430 ZONE A.431-A.431:A.431-A.431 ZONE A.432-A.432:A.432-A.432 ZONE A.433-A.433:A.433-A.433 ZONE A.434-A.434:A.434-A.434 ZONE A.437-A.437:A.437-A.437 ZONE A.439-A.439:A.439-A.439 ZONE A.441-A.441:A.441-A.441 ZONE A.442-A.442:A.442-A.442 ZONE A.443-A.443:A.443-A.443 ZONE A.444-A.444:A.444-A.444 ZONE A.445-A.445:A.445-A.445 ZONE A.459-A.459:A.459-A.459 ZONE A.461-A.461:A.461-A.461 ZONE A.462-A.462:A.462-A.462\n ZONE B.10-B.10:B.10-B.10 ZONE B.26-B.26:B.26-B.26 ZONE B.27-B.27:B.27-B.27 ZONE B.28-B.28:B.28-B.28 ZONE B.29-B.29:B.29-B.29 ZONE B.55-B.55:B.55-B.55 ZONE B.56-B.56:B.56-B.56 ZONE B.61-B.61:B.61-B.61 ZONE B.62-B.62:B.62-B.62 ZONE B.63-B.63:B.63-B.63 ZONE B.64-B.64:B.64-B.64 ZONE B.65-B.65:B.65-B.65 ZONE B.66-B.66:B.66-B.66 ZONE B.77-B.77:B.77-B.77 ZONE B.78-B.78:B.78-B.78 ZONE B.79-B.79:B.79-B.79 ZONE B.80-B.80:B.80-B.80 ZONE B.81-B.81:B.81-B.81 ZONE B.82-B.82:B.82-B.82 ZONE B.83-B.83:B.83-B.83 ZONE B.84-B.84:B.84-B.84 ZONE B.85-B.85:B.85-B.85 ZONE B.88-B.88:B.88-B.88 ZONE B.91-B.91:B.91-B.91 ZONE B.92-B.92:B.92-B.92 ZONE B.93-B.93:B.93-B.93 ZONE B.173-B.173:B.173-B.173 ZONE B.174-B.174:B.174-B.174 ZONE B.175-B.175:B.175-B.175 ZONE B.177-B.177:B.177-B.177 ZONE B.216-B.216:B.216-B.216 ZONE B.217-B.217:B.217-B.217 ZONE B.218-B.218:B.218-B.218 ZONE B.219-B.219:B.219-B.219 ZONE B.220-B.220:B.220-B.220 ZONE B.221-B.221:B.221-B.221 ZONE B.279-B.279:B.279-B.279 ZONE B.280-B.280:B.280-B.280 ZONE B.282-B.282:B.282-B.282 ZONE B.410-B.410:B.410-B.410 ZONE B.425-B.425:B.425-B.425 ZONE B.426-B.426:B.426-B.426 ZONE B.427-B.427:B.427-B.427 ZONE B.428-B.428:B.428-B.428 ZONE B.429-B.429:B.429-B.429 ZONE B.430-B.430:B.430-B.430 ZONE B.441-B.441:B.441-B.441 ZONE B.442-B.442:B.442-B.442 ZONE B.443-B.443:B.443-B.443 ZONE B.444-B.444:B.444-B.444 ZONE B.445-B.445:B.445-B.445 ZONE B.446-B.446:B.446-B.446 ZONE B.447-B.447:B.447-B.447 ZONE B.448-B.448:B.448-B.448 ZONE B.449-B.449:B.449-B.449 ZONE B.450-B.450:B.450-B.450 ZONE B.451-B.451:B.451-B.451\n FIT
RMS: 0.000
1
RMS: 0.553
1
RMS: 0.496
1
RMS: 0.490
1
RMS: 0.474
1
RMS: 0.519
1
RMS: 0.558
1
RMS: 0.507
1
RMS: 0.525
1
RMS: 0.479
1
RMS: 0.503
1
RMS: 0.527
1
RMS: 0.551
1
RMS: 0.527
1
RMS: 0.555
1
RMS: 0.587
1
RMS: 0.553
1
RMS: 0.521
1
RMS: 0.582
1
RMS: 0.532
1

